false	0.2069
false	0.2404
false	0.3714
false	0.4680
false	0.3527
false	0.2878
false	0.1291
false	0.1268
true	0.6284
false	0.2125
false	0.1882
false	0.4422
false	0.2008
false	0.0954
true	0.6311
false	0.2159
false	0.2467
false	0.1977
false	0.2963
false	0.4064
false	0.4866
false	0.2949
false	0.4168
true	0.5048
false	0.3892
false	0.2091
false	0.4498
true	0.7327
false	0.4985
false	0.4763
false	0.4020
false	0.1526
false	0.1059
false	0.2201
false	0.2073
false	0.1844
false	0.3640
false	0.1331
false	0.0402
false	0.1256
false	0.0679
false	0.0512
false	0.0751
false	0.0515
false	0.0630
false	0.2252
false	0.1215
false	0.3696
false	0.2537
false	0.0614
false	0.4524
false	0.0689
false	0.1703
false	0.1874
true	0.5052
false	0.1137
false	0.0663
true	0.6930
false	0.0718
false	0.0664
false	0.2338
false	0.3428
false	0.0763
false	0.0891
false	0.0805
false	0.1239
false	0.1138
false	0.1416
false	0.2527
false	0.1213
false	0.0962
false	0.0751
false	0.0540
false	0.0721
false	0.0680
false	0.1104
false	0.1086
false	0.0587
false	0.0959
true	0.6355
false	0.0631
false	0.1422
false	0.1408
false	0.1696
false	0.3218
false	0.1581
false	0.1488
true	0.5140
false	0.0827
false	0.1223
false	0.0819
false	0.1173
false	0.1562
true	0.6349
true	0.5719
true	0.5171
false	0.2578
false	0.3103
false	0.1175
false	0.3165
false	0.1512
false	0.3886
false	0.0944
false	0.0394
false	0.0609
false	0.0464
false	0.0675
true	0.6177
false	0.0711
false	0.1282
false	0.1959
false	0.4482
false	0.3663
false	0.0606
false	0.0617
false	0.1033
false	0.1346
false	0.1873
false	0.0897
false	0.2933
false	0.1494
false	0.0985
false	0.1076
false	0.0459
false	0.0340
false	0.0274
false	0.0301
false	0.0571
false	0.0591
false	0.0397
false	0.0649
false	0.1190
false	0.0474
false	0.0707
false	0.1221
false	0.0961
false	0.0690
false	0.0514
false	0.0357
false	0.0614
false	0.0352
false	0.0563
false	0.0352
false	0.0647
false	0.0735
false	0.0694
false	0.0398
false	0.0603
false	0.2258
false	0.0928
false	0.1787
false	0.1132
false	0.2693
false	0.1513
false	0.2888
false	0.1801
false	0.0576
false	0.1158
false	0.1304
false	0.0963
false	0.0855
false	0.0969
false	0.0643
false	0.1028
false	0.0847
false	0.0965
false	0.0831
false	0.2470
true	0.8659
false	0.1124
false	0.1730
false	0.1204
false	0.0630
false	0.2608
false	0.4233
false	0.3410
false	0.0883
false	0.0968
false	0.0880
false	0.0869
false	0.1474
false	0.1567
false	0.1794
false	0.2395
false	0.0607
false	0.1089
false	0.1513
false	0.2579
false	0.3959
false	0.1820
false	0.1506
false	0.2242
false	0.1003
false	0.1752
false	0.3241
false	0.0765
false	0.0909
false	0.2465
false	0.0799
false	0.0373
false	0.0756
false	0.0615
false	0.0325
false	0.0621
false	0.0485
false	0.0572
false	0.1042
false	0.1233
false	0.0486
false	0.0619
false	0.0800
false	0.2656
false	0.1450
false	0.3103
false	0.4794
false	0.0478
false	0.0352
false	0.0745
false	0.0660
false	0.0368
false	0.0396
false	0.0833
false	0.0675
false	0.1296
false	0.2586
false	0.1632
false	0.2389
false	0.1392
false	0.1048
false	0.1874
false	0.1005
false	0.1711
false	0.1163
false	0.1442
false	0.2432
false	0.1157
false	0.1201
false	0.2425
false	0.1430
false	0.1175
false	0.3104
false	0.0840
false	0.0626
false	0.0982
false	0.1934
false	0.1349
false	0.0971
false	0.3286
false	0.0600
false	0.1871
false	0.4708
false	0.0428
false	0.1917
false	0.1596
false	0.0504
true	0.5374
false	0.4661
false	0.4046
false	0.3631
false	0.0738
false	0.0714
false	0.2091
true	0.7027
false	0.3720
false	0.0991
false	0.1056
true	0.5545
true	0.6247
false	0.1578
false	0.4176
true	0.7090
false	0.1042
false	0.1136
false	0.0437
false	0.1033
false	0.4059
false	0.3023
false	0.2599
true	0.5984
false	0.1446
false	0.0460
false	0.1891
false	0.1661
false	0.0918
false	0.0635
false	0.1281
false	0.1233
false	0.1196
false	0.0913
false	0.0520
false	0.0510
false	0.1228
false	0.0674
false	0.0370
false	0.0786
false	0.0570
false	0.0709
false	0.0597
false	0.1330
false	0.0742
false	0.1388
false	0.3565
false	0.3409
false	0.2256
false	0.0784
false	0.0685
false	0.0594
false	0.0725
false	0.0786
false	0.1023
false	0.3427
false	0.1301
false	0.1037
false	0.0947
true	0.7236
false	0.4174
true	0.6638
false	0.3751
true	0.5819
false	0.4445
false	0.2176
false	0.1378
false	0.3265
false	0.3512
false	0.2156
false	0.1885
false	0.4362
false	0.2513
false	0.2313
false	0.2834
false	0.1692
false	0.3587
false	0.2040
false	0.2372
false	0.2680
false	0.3328
true	0.5907
false	0.3199
false	0.1503
false	0.3714
false	0.1990
false	0.2539
false	0.0994
false	0.0999
false	0.1412
false	0.0967
false	0.1070
false	0.0658
false	0.0553
false	0.0577
false	0.0569
false	0.0547
false	0.0648
false	0.0524
false	0.0463
false	0.0445
false	0.0404
false	0.0663
false	0.0408
false	0.0531
false	0.0615
false	0.0547
false	0.0520
false	0.0622
false	0.0847
false	0.0608
false	0.0499
true	0.6756
true	0.5809
false	0.4638
true	0.6855
true	0.7937
false	0.3846
true	0.6668
false	0.1431
false	0.2975
false	0.4177
true	0.6980
false	0.4111
false	0.1903
true	0.5112
false	0.2800
true	0.7089
false	0.1721
true	0.6339
true	0.7599
true	0.7387
false	0.1996
false	0.4787
true	0.7525
false	0.1236
true	0.7132
true	0.7165
true	0.6430
true	0.7464
false	0.2030
true	0.5076
false	0.2801
true	0.6508
true	0.7329
true	0.6456
true	0.7374
true	0.6197
true	0.7517
true	0.8066
true	0.7414
true	0.7778
true	0.5944
true	0.7517
true	0.6377
true	0.5934
false	0.0531
false	0.0910
false	0.0698
false	0.0510
true	0.5973
true	0.5568
false	0.1745
true	0.5384
true	0.6474
false	0.3027
true	0.5083
false	0.4605
false	0.4176
true	0.7235
false	0.2189
true	0.7094
false	0.3188
false	0.3829
false	0.2810
true	0.6034
true	0.5788
false	0.3337
false	0.2971
false	0.0702
false	0.0673
false	0.0731
true	0.5347
false	0.0277
false	0.0446
false	0.1501
false	0.0791
false	0.0481
false	0.0398
false	0.2460
true	0.5035
false	0.3386
false	0.0571
false	0.1154
false	0.2533
false	0.0923
false	0.0624
false	0.0620
false	0.0652
false	0.0494
false	0.0632
false	0.0485
false	0.0665
true	0.5488
false	0.1147
false	0.2183
true	0.6803
false	0.3818
true	0.7038
false	0.4084
false	0.2122
false	0.4097
false	0.4377
false	0.2794
false	0.1181
false	0.0998
false	0.1025
false	0.0608
false	0.1285
false	0.1352
false	0.1439
false	0.1910
false	0.1150
false	0.0837
false	0.0974
false	0.2367
false	0.2661
false	0.2559
false	0.1076
false	0.1318
false	0.1551
false	0.1076
false	0.0689
false	0.1407
false	0.0589
false	0.0462
false	0.0464
false	0.0671
false	0.0598
false	0.0701
false	0.1080
false	0.2084
false	0.0471
false	0.0439
false	0.0681
false	0.0649
false	0.0647
false	0.1032
false	0.0698
false	0.0413
false	0.0548
false	0.0760
false	0.0853
false	0.0626
false	0.1349
false	0.1503
false	0.0687
false	0.0509
false	0.2650
false	0.0546
false	0.0698
false	0.4329
false	0.1927
false	0.1075
false	0.4300
true	0.5088
false	0.1009
true	0.5457
false	0.0951
false	0.1085
false	0.1922
false	0.1088
false	0.0857
false	0.2643
false	0.1821
false	0.3795
true	0.5212
false	0.3115
true	0.5737
true	0.5169
true	0.6972
false	0.1674
true	0.7977
true	0.7303
false	0.1188
false	0.3294
true	0.6823
true	0.7216
true	0.7254
true	0.7547
true	0.7489
true	0.7597
false	0.3893
true	0.6916
true	0.7045
true	0.6262
true	0.7568
true	0.6740
true	0.7447
true	0.8090
true	0.5847
true	0.7934
false	0.4933
false	0.4856
false	0.0823
false	0.0482
false	0.2553
false	0.1960
false	0.3621
false	0.1323
false	0.0775
false	0.0803
true	0.6126
true	0.6687
false	0.0693
false	0.1638
false	0.1943
false	0.2148
false	0.0966
false	0.2053
false	0.1331
false	0.3947
false	0.1368
false	0.0866
false	0.0819
false	0.1904
false	0.1621
false	0.0711
false	0.1036
false	0.0419
true	0.6045
false	0.1187
true	0.5126
false	0.4009
true	0.7358
true	0.5283
false	0.1673
false	0.2037
true	0.5274
false	0.0865
false	0.1713
true	0.5057
false	0.0772
true	0.5552
true	0.5252
false	0.1223
false	0.1053
false	0.1057
true	0.7118
false	0.1888
false	0.2240
false	0.2992
false	0.1187
false	0.0695
false	0.0584
false	0.0529
false	0.0456
false	0.0532
false	0.3274
false	0.1117
false	0.0642
false	0.0958
false	0.0808
false	0.0543
false	0.1295
false	0.0530
false	0.0416
false	0.0545
false	0.3050
false	0.0838
false	0.0494
false	0.0918
false	0.1628
true	0.6775
false	0.1707
false	0.2120
false	0.1050
true	0.5538
true	0.8028
true	0.7271
true	0.6712
true	0.7947
true	0.7616
true	0.6492
true	0.7540
true	0.7020
true	0.7554
true	0.7741
true	0.7768
true	0.6170
true	0.5599
true	0.6450
true	0.5373
true	0.6938
true	0.5509
true	0.7693
false	0.1058
false	0.1652
true	0.6062
false	0.2340
false	0.3820
false	0.1159
false	0.3159
false	0.3170
false	0.0779
false	0.2677
false	0.3445
false	0.1534
false	0.1077
false	0.2650
true	0.6603
false	0.0781
false	0.0830
false	0.0968
false	0.1237
false	0.1300
false	0.0982
false	0.3404
false	0.0814
false	0.3089
false	0.4153
false	0.1675
false	0.2837
false	0.1998
true	0.5403
false	0.2824
false	0.0763
false	0.4562
false	0.1398
true	0.5694
false	0.1989
true	0.6896
false	0.0944
false	0.0647
true	0.6775
false	0.2699
false	0.3224
true	0.6101
true	0.6999
true	0.7005
false	0.4318
false	0.2030
false	0.0702
false	0.0819
false	0.1523
true	0.6971
true	0.5445
false	0.1641
false	0.0836
true	0.5647
false	0.0787
false	0.1268
false	0.1737
false	0.1508
false	0.1863
false	0.1651
false	0.1454
false	0.1626
false	0.3078
false	0.1850
false	0.1348
false	0.1515
true	0.6519
false	0.1418
false	0.2334
false	0.2943
false	0.0883
false	0.0644
false	0.0691
false	0.3122
false	0.1625
false	0.1095
false	0.0495
false	0.0519
false	0.0909
false	0.2962
false	0.0641
false	0.0599
false	0.0747
false	0.0381
false	0.0958
false	0.0958
false	0.2423
false	0.1130
false	0.0866
false	0.1143
false	0.0944
false	0.1119
false	0.3056
false	0.1172
false	0.2350
false	0.0609
false	0.0888
false	0.1465
false	0.0634
false	0.0645
false	0.0718
false	0.1034
false	0.2642
false	0.1091
false	0.0434
false	0.0890
false	0.2805
false	0.0987
false	0.0966
false	0.2670
false	0.2812
false	0.3279
false	0.2048
false	0.1981
false	0.2196
false	0.1340
false	0.1087
false	0.2289
false	0.1626
false	0.3649
false	0.1089
false	0.2631
false	0.1240
true	0.6414
false	0.2127
false	0.2599
false	0.1938
false	0.1801
false	0.1768
false	0.1953
false	0.1021
false	0.2584
false	0.2392
false	0.0951
true	0.6478
false	0.0584
false	0.1541
false	0.3574
false	0.0421
false	0.0702
false	0.0551
false	0.0414
false	0.0473
false	0.1070
false	0.1447
false	0.0424
false	0.0800
false	0.0885
false	0.0822
false	0.1165
false	0.1215
false	0.0479
false	0.0672
false	0.0991
false	0.1260
false	0.1280
false	0.0504
false	0.0780
false	0.0759
false	0.0589
false	0.0794
false	0.0466
false	0.0546
false	0.0888
false	0.0615
false	0.0679
false	0.0541
false	0.1421
false	0.0789
false	0.0745
false	0.0481
false	0.0587
false	0.0438
false	0.0808
false	0.0769
false	0.0575
false	0.0803
false	0.0590
false	0.0520
false	0.0504
false	0.0630
false	0.0535
false	0.4923
true	0.5498
false	0.1794
true	0.6000
false	0.1936
false	0.3822
true	0.6189
false	0.0597
true	0.7594
true	0.5415
true	0.5809
false	0.0544
false	0.0574
false	0.0436
true	0.6520
true	0.7686
false	0.3277
false	0.4422
false	0.3176
false	0.2433
false	0.2728
true	0.5741
false	0.2027
true	0.6442
false	0.1221
false	0.0917
false	0.0923
false	0.0839
false	0.0466
false	0.0755
false	0.0972
false	0.4229
false	0.0506
false	0.2016
false	0.1185
false	0.0781
true	0.5319
false	0.1704
false	0.0935
false	0.3413
false	0.0577
false	0.1618
false	0.2899
false	0.0723
false	0.1547
false	0.0911
false	0.0728
false	0.0777
false	0.0990
false	0.1255
false	0.0688
false	0.2086
false	0.2892
false	0.0631
false	0.0638
false	0.0872
false	0.0794
false	0.1216
false	0.0702
false	0.2434
false	0.2064
false	0.0567
false	0.0438
false	0.0421
false	0.1310
false	0.2820
false	0.1157
false	0.0886
false	0.2023
false	0.3363
false	0.1359
false	0.3035
false	0.1719
false	0.0696
false	0.3762
false	0.2483
false	0.1535
true	0.5213
false	0.4451
true	0.5527
false	0.3572
false	0.3993
false	0.4336
true	0.6077
false	0.1556
false	0.1048
true	0.6394
true	0.6411
true	0.7310
false	0.3360
true	0.5376
false	0.4461
false	0.2219
true	0.7792
true	0.6310
false	0.2358
false	0.1908
false	0.2636
true	0.5753
true	0.6126
true	0.5475
false	0.2560
true	0.5020
false	0.4210
false	0.2663
true	0.7309
false	0.3169
false	0.2931
false	0.4352
false	0.1718
false	0.2002
false	0.1361
false	0.0776
false	0.2710
false	0.0948
false	0.2616
false	0.3064
false	0.1199
false	0.3237
false	0.1241
false	0.1111
false	0.2568
false	0.2882
false	0.3382
false	0.2030
false	0.1432
false	0.2168
false	0.0977
false	0.1395
false	0.1116
false	0.1085
false	0.2177
false	0.2519
false	0.0916
false	0.2048
false	0.0585
false	0.1348
false	0.0636
false	0.0976
