false	0.2364
false	0.2818
false	0.4002
false	0.3465
false	0.2382
false	0.3712
false	0.1695
false	0.1484
true	0.6599
false	0.2786
false	0.1656
false	0.4332
false	0.2570
false	0.1402
false	0.3979
false	0.2550
false	0.1877
false	0.1574
false	0.2591
false	0.2838
false	0.4800
false	0.4331
false	0.4210
false	0.3888
false	0.4016
false	0.2032
false	0.4371
true	0.7930
false	0.4826
false	0.3747
false	0.4180
false	0.2001
false	0.2055
false	0.2084
false	0.2387
false	0.2252
false	0.2205
false	0.1499
false	0.0881
false	0.1269
false	0.0824
false	0.0735
false	0.1118
false	0.0736
false	0.0854
false	0.3508
false	0.1157
false	0.2739
false	0.4336
false	0.0610
false	0.4165
false	0.1050
false	0.1769
false	0.2057
true	0.5015
false	0.1562
false	0.0773
true	0.6365
false	0.0873
false	0.0949
false	0.3147
false	0.3642
false	0.0907
false	0.0903
false	0.0784
false	0.1336
false	0.1160
false	0.0885
false	0.1756
false	0.0977
false	0.0709
false	0.0833
false	0.0618
false	0.0833
false	0.0641
false	0.1092
false	0.1334
false	0.0942
false	0.1051
true	0.5414
false	0.1355
false	0.2885
false	0.1277
false	0.0999
false	0.1421
false	0.1522
false	0.1449
false	0.4052
false	0.0835
false	0.1900
false	0.1161
false	0.2350
false	0.1958
false	0.4704
false	0.4490
true	0.6344
false	0.2111
false	0.2599
false	0.1292
false	0.2864
false	0.2160
false	0.3960
false	0.1591
false	0.0597
false	0.0697
false	0.0742
false	0.0743
true	0.7465
false	0.1094
false	0.2138
false	0.3171
false	0.3486
false	0.2322
false	0.1183
false	0.1164
false	0.2953
false	0.2439
false	0.1901
false	0.0931
false	0.3583
false	0.2085
false	0.1892
false	0.1495
false	0.1259
false	0.0471
false	0.0430
false	0.0491
false	0.0725
false	0.1325
false	0.0692
false	0.1110
false	0.2304
false	0.0618
false	0.0801
false	0.1145
false	0.2205
false	0.1736
false	0.1713
false	0.0669
false	0.0741
false	0.0593
false	0.0937
false	0.1074
false	0.1572
false	0.0860
false	0.0615
false	0.0522
false	0.0656
false	0.1433
false	0.0924
false	0.1684
false	0.1355
false	0.2777
false	0.1630
false	0.2844
false	0.1429
false	0.0791
false	0.1173
false	0.1589
false	0.0865
false	0.1137
false	0.0693
false	0.0766
false	0.1922
false	0.0928
false	0.2126
false	0.1669
false	0.1459
true	0.8565
false	0.1042
false	0.1412
false	0.1135
false	0.0661
false	0.0933
false	0.3707
false	0.2309
false	0.1070
false	0.0894
false	0.0614
false	0.0873
false	0.2549
false	0.1842
false	0.1405
false	0.1499
false	0.0652
false	0.0989
false	0.1330
false	0.2003
false	0.3504
false	0.1432
false	0.2425
false	0.2629
false	0.0726
false	0.2976
false	0.1710
false	0.1341
false	0.2391
false	0.3238
false	0.1008
false	0.0645
false	0.0953
false	0.0816
false	0.0439
false	0.0681
false	0.0704
false	0.1094
false	0.1560
false	0.1478
false	0.0680
false	0.0847
false	0.0865
false	0.3037
false	0.1501
false	0.3053
false	0.4356
false	0.0796
false	0.0584
false	0.0909
false	0.0772
false	0.0574
false	0.0520
false	0.1641
false	0.1060
false	0.1234
false	0.3231
false	0.2393
false	0.2397
false	0.1730
false	0.1057
false	0.3223
false	0.0930
false	0.1454
false	0.0830
false	0.2135
false	0.2209
false	0.1617
false	0.0888
false	0.2045
false	0.1849
false	0.1224
false	0.2435
false	0.0859
false	0.0754
false	0.0706
false	0.1249
false	0.0985
false	0.0706
false	0.2997
false	0.0787
false	0.4431
true	0.5761
false	0.0784
false	0.1498
false	0.1383
false	0.0550
true	0.5452
false	0.4706
false	0.3530
false	0.2502
false	0.0763
false	0.0998
false	0.1245
true	0.6465
false	0.3112
false	0.1403
false	0.0946
false	0.3937
false	0.4345
false	0.1130
false	0.3618
true	0.6983
false	0.1162
false	0.2238
false	0.1062
false	0.2559
false	0.3519
false	0.2193
false	0.2988
true	0.5113
false	0.2270
false	0.0634
false	0.1630
false	0.2090
false	0.1724
false	0.1614
false	0.1998
false	0.1573
false	0.1265
false	0.1671
false	0.0592
false	0.0601
false	0.2986
false	0.0674
false	0.0745
false	0.1411
false	0.1283
false	0.0937
false	0.0848
false	0.2101
false	0.1053
false	0.2150
false	0.1456
false	0.2243
false	0.1230
false	0.1031
false	0.0898
false	0.0668
false	0.1257
false	0.1498
false	0.2910
false	0.2915
false	0.0731
false	0.0721
false	0.1789
true	0.6837
false	0.1790
false	0.4844
false	0.3579
false	0.3569
true	0.6088
false	0.2132
false	0.1752
false	0.3793
false	0.4005
false	0.1598
false	0.1239
false	0.3879
false	0.1977
false	0.2817
false	0.3870
false	0.1704
false	0.4151
false	0.1710
false	0.2630
false	0.3174
false	0.4157
true	0.6798
true	0.5863
false	0.1550
false	0.3398
false	0.2380
false	0.3549
false	0.1876
false	0.0871
false	0.1297
false	0.1650
false	0.1294
false	0.0951
false	0.0578
false	0.0690
false	0.0689
false	0.1070
false	0.0725
false	0.0691
false	0.0624
false	0.0545
false	0.1086
false	0.0737
false	0.0708
false	0.0674
false	0.1110
false	0.1004
false	0.0826
false	0.0863
false	0.0987
false	0.0957
false	0.0639
true	0.7453
true	0.7258
true	0.7161
true	0.8175
true	0.8413
true	0.5050
true	0.7882
false	0.2573
false	0.4830
true	0.7033
true	0.7416
true	0.5186
false	0.2887
true	0.5575
false	0.4008
true	0.8037
false	0.2141
true	0.7420
true	0.8195
true	0.8196
false	0.4730
true	0.6701
true	0.8066
false	0.1862
true	0.7368
true	0.7132
true	0.5413
true	0.8066
true	0.5227
true	0.6889
true	0.5306
true	0.7675
true	0.7231
true	0.5667
true	0.7648
true	0.6475
true	0.7455
true	0.8393
true	0.6815
true	0.7537
true	0.7245
true	0.7879
true	0.6837
true	0.6582
false	0.0621
false	0.2967
false	0.0690
false	0.0708
true	0.7103
false	0.3706
false	0.2499
true	0.5390
false	0.4387
false	0.4275
false	0.3350
false	0.4006
false	0.2906
true	0.7485
false	0.3173
true	0.6359
false	0.3013
false	0.2577
false	0.2637
true	0.5601
false	0.4378
false	0.1855
false	0.1399
false	0.1144
false	0.1101
false	0.0749
false	0.3582
false	0.0410
false	0.0769
false	0.1290
false	0.1484
false	0.0569
false	0.0509
false	0.1979
false	0.4030
false	0.3838
false	0.1159
false	0.0784
false	0.2397
false	0.2692
false	0.1972
false	0.1579
false	0.1918
false	0.0959
false	0.0794
false	0.0802
false	0.1418
true	0.5606
false	0.1681
false	0.1994
true	0.7816
false	0.3734
true	0.7608
false	0.3299
false	0.3167
true	0.6064
false	0.4785
false	0.3752
false	0.2321
false	0.1008
false	0.1182
false	0.1373
false	0.2374
false	0.1336
false	0.0954
false	0.1314
false	0.1283
false	0.0958
false	0.1416
false	0.2846
false	0.2068
false	0.2780
false	0.1281
false	0.1417
false	0.2641
false	0.1096
false	0.0705
false	0.0800
false	0.0997
false	0.0536
false	0.0539
false	0.0872
false	0.0755
false	0.0854
false	0.1541
false	0.0933
false	0.0585
false	0.0729
false	0.1188
false	0.0773
false	0.0703
false	0.1189
false	0.1137
false	0.0540
false	0.0733
false	0.0581
false	0.0979
false	0.0631
false	0.0996
false	0.1042
false	0.0911
false	0.0837
false	0.2605
false	0.0683
false	0.1545
false	0.3823
false	0.1748
false	0.1395
false	0.3349
false	0.3993
false	0.2988
false	0.4660
false	0.1264
false	0.1315
false	0.1418
false	0.1864
false	0.0880
false	0.1705
false	0.1327
false	0.2299
true	0.5416
false	0.2976
false	0.4923
true	0.7726
true	0.7966
false	0.1953
true	0.8494
true	0.8282
false	0.4278
true	0.6975
true	0.7719
true	0.8208
true	0.8283
true	0.8229
true	0.8278
true	0.8018
true	0.6333
true	0.8139
true	0.7238
true	0.7048
true	0.7697
true	0.7077
true	0.8231
true	0.8512
true	0.7680
true	0.8475
true	0.6971
true	0.7172
false	0.1498
false	0.0792
false	0.3476
false	0.2426
false	0.4011
false	0.0749
false	0.1186
false	0.1174
true	0.6759
true	0.6932
false	0.0838
false	0.1282
false	0.1106
false	0.4849
false	0.1294
false	0.3726
false	0.1850
false	0.1461
false	0.1114
false	0.1154
false	0.0881
false	0.1870
false	0.2488
false	0.2215
false	0.2015
false	0.0528
true	0.5078
false	0.1854
true	0.7373
false	0.3568
true	0.6932
true	0.7549
false	0.3966
false	0.3422
true	0.6565
false	0.2193
false	0.1510
false	0.3945
false	0.0788
true	0.5634
false	0.4579
false	0.2208
false	0.2033
false	0.1399
true	0.7717
false	0.3537
false	0.3950
true	0.6076
false	0.2016
false	0.0898
false	0.0668
false	0.1229
false	0.0629
false	0.0764
false	0.1502
false	0.1038
false	0.0718
false	0.0699
false	0.0793
false	0.0656
false	0.1767
false	0.1134
false	0.0636
false	0.0774
false	0.2114
false	0.0976
false	0.0846
false	0.0920
false	0.2102
true	0.7723
false	0.2924
false	0.3792
false	0.2151
true	0.6832
true	0.7819
true	0.7926
true	0.7081
true	0.8371
true	0.8237
true	0.6607
true	0.7533
true	0.6714
true	0.7852
true	0.6740
true	0.8053
false	0.4160
true	0.5428
true	0.7371
true	0.6133
true	0.7609
false	0.4914
true	0.8325
false	0.1772
false	0.3328
true	0.5330
false	0.2329
false	0.3657
false	0.1232
false	0.1570
false	0.2956
false	0.1387
false	0.2998
false	0.3231
false	0.3233
false	0.1977
false	0.2327
true	0.6586
false	0.0828
false	0.1584
false	0.0919
false	0.1284
false	0.1239
false	0.3148
false	0.4539
false	0.3470
false	0.2568
true	0.5456
false	0.2380
false	0.3167
false	0.3697
true	0.7654
true	0.5295
false	0.3011
true	0.7257
false	0.3176
true	0.7532
false	0.3465
true	0.7724
false	0.0866
false	0.0593
true	0.7178
false	0.2987
false	0.3503
true	0.6163
true	0.7971
true	0.7340
true	0.5247
false	0.3516
false	0.1782
false	0.1639
false	0.2377
true	0.7462
true	0.5447
false	0.1970
false	0.0669
true	0.7331
false	0.0870
false	0.1085
false	0.1739
false	0.2924
false	0.1154
false	0.1614
false	0.1192
false	0.3742
false	0.1900
false	0.1061
false	0.1722
false	0.0863
true	0.6796
false	0.1346
false	0.1156
false	0.2883
false	0.0654
false	0.0956
false	0.0733
false	0.2008
false	0.3599
false	0.1337
false	0.0726
false	0.0656
false	0.1194
false	0.1545
false	0.1074
false	0.1163
false	0.1374
false	0.0598
false	0.1128
false	0.0956
false	0.1623
false	0.0955
false	0.0864
false	0.1104
false	0.1080
false	0.1030
false	0.3191
false	0.1741
false	0.3179
false	0.0794
false	0.1944
false	0.1339
false	0.0894
false	0.1157
false	0.1053
false	0.0925
false	0.2256
false	0.1721
false	0.0733
false	0.1132
false	0.2996
false	0.1951
false	0.1099
false	0.2290
false	0.2383
false	0.3196
false	0.1970
false	0.2201
false	0.2770
false	0.2225
false	0.1907
false	0.3521
false	0.1415
false	0.4043
false	0.0962
false	0.2330
false	0.1042
true	0.5773
false	0.2885
false	0.1998
false	0.1566
false	0.1193
false	0.3702
false	0.2998
false	0.1684
false	0.2470
false	0.2251
false	0.0998
true	0.6653
false	0.0564
false	0.1830
false	0.1604
false	0.0580
false	0.1336
false	0.0854
false	0.0863
false	0.1391
false	0.1539
false	0.2304
false	0.1299
false	0.1312
false	0.1122
false	0.0855
false	0.3052
false	0.4559
false	0.1347
false	0.0935
false	0.1200
false	0.1080
false	0.1468
false	0.0947
false	0.0920
false	0.1030
false	0.0763
false	0.1008
false	0.1322
false	0.0651
false	0.2231
false	0.1236
false	0.2069
false	0.0703
false	0.1009
false	0.0883
false	0.1559
false	0.0621
false	0.0964
false	0.0614
false	0.0774
false	0.1204
false	0.1158
false	0.2081
false	0.1065
false	0.0605
false	0.0601
false	0.0668
false	0.0847
false	0.3885
false	0.3958
false	0.3061
false	0.4383
false	0.1775
false	0.3896
false	0.4448
false	0.1197
true	0.7614
true	0.5062
true	0.5124
false	0.0778
false	0.0667
false	0.0665
true	0.6177
true	0.7830
false	0.2540
false	0.3301
false	0.2204
false	0.2915
false	0.2434
false	0.3872
false	0.1376
true	0.5820
false	0.0903
false	0.1553
false	0.0710
false	0.0962
false	0.0658
false	0.1027
false	0.1321
false	0.3266
false	0.0690
false	0.2173
false	0.1319
false	0.1305
false	0.4976
false	0.1543
false	0.1027
false	0.2669
false	0.1094
false	0.2095
false	0.2280
false	0.0682
false	0.1233
false	0.0879
false	0.0702
false	0.1229
false	0.1340
false	0.1387
false	0.1196
false	0.3205
false	0.3493
false	0.0905
false	0.0858
false	0.0904
false	0.1286
false	0.1116
false	0.0806
false	0.1910
false	0.2364
false	0.0818
false	0.0589
false	0.0617
false	0.1285
false	0.2215
false	0.1026
false	0.0789
false	0.0950
false	0.2095
false	0.1445
false	0.1725
false	0.1325
false	0.0899
false	0.3235
false	0.1334
false	0.1144
false	0.2777
false	0.2048
false	0.3573
false	0.1694
false	0.3149
false	0.2500
false	0.4919
false	0.0785
false	0.0649
true	0.5527
false	0.4432
true	0.7835
false	0.2530
false	0.4140
false	0.3553
false	0.2289
true	0.8336
true	0.5775
false	0.2208
false	0.1810
false	0.2108
false	0.3612
false	0.3965
false	0.2855
false	0.1371
false	0.4752
false	0.3480
false	0.1539
true	0.7581
false	0.2075
false	0.3441
false	0.4194
false	0.1912
false	0.1273
false	0.0826
false	0.0681
false	0.1057
false	0.0875
false	0.1098
false	0.2445
false	0.2292
false	0.2035
false	0.0908
false	0.0997
false	0.3160
false	0.1715
false	0.0993
false	0.2043
false	0.1703
false	0.1103
false	0.0815
false	0.1738
false	0.0906
false	0.1576
false	0.1130
false	0.2278
false	0.0774
false	0.2335
false	0.0650
false	0.1151
false	0.0693
false	0.0966
